SmartServices/app/build/intermediates/manifest_merge_blame_file/debug/manifest-merger-blame-debug-report.txt
1<?xml version="1.0" encoding="utf-8"?>
2<manifest xmlns:android="http://schemas.android.com/apk/res/android"
3    package="com.example.smartservices"
4    android:versionCode="1"
5    android:versionName="1.0" >
6
7    <uses-sdk
8        android:minSdkVersion="23"
8-->src\main\AndroidManifest.xml
9        android:targetSdkVersion="29" />
9-->src\main\AndroidManifest.xml
10
11    <uses-permission android:name="android.permission.INTERNET" />
11-->src\main\AndroidManifest.xml:5:5-67
11-->src\main\AndroidManifest.xml:5:22-64
12    <uses-permission android:name="android.permission.WRITE_EXTERNAL_STORAGE" />
12-->src\main\AndroidManifest.xml:6:5-81
12-->src\main\AndroidManifest.xml:6:22-78
13    <uses-permission android:name="android.permission.READ_EXTERNAL_STORAGE" />
13-->src\main\AndroidManifest.xml:7:5-80
13-->src\main\AndroidManifest.xml:7:22-77
14    <uses-permission android:name="android.permission.CALL_PHONE" />
14-->src\main\AndroidManifest.xml:8:5-69
14-->src\main\AndroidManifest.xml:8:22-66
15    <uses-permission android:name="android.permission.CAMERA" />
15-->src\main\AndroidManifest.xml:9:5-65
15-->src\main\AndroidManifest.xml:9:22-62
16
17    <uses-feature android:name="android.hardware.camera" />
17-->src\main\AndroidManifest.xml:11:5-60
17-->src\main\AndroidManifest.xml:11:19-57
18
19    <!-- Although the *SdkVersion is captured in gradle build files, this is required for non gradle builds -->
20    <!-- <uses-sdk android:minSdkVersion="14" /> -->
21    <uses-permission android:name="android.permission.ACCESS_NETWORK_STATE" />
21-->[com.google.firebase:firebase-firestore:21.4.3] AndroidManifest.xml:13:5-79
21-->[com.google.firebase:firebase-firestore:21.4.3] AndroidManifest.xml:13:22-76
22
23    <application
23-->src\main\AndroidManifest.xml:13:5-102:19
24        android:name="com.example.smartservices.InitApplication"
24-->src\main\AndroidManifest.xml:14:9-40
25        android:allowBackup="true"
25-->src\main\AndroidManifest.xml:15:9-35
26        android:appComponentFactory="androidx.core.app.CoreComponentFactory"
26-->[androidx.core:core:1.1.0] AndroidManifest.xml:24:18-86
27        android:debuggable="true"
28        android:extractNativeLibs="false"
29        android:icon="@mipmap/ic_launcher"
29-->src\main\AndroidManifest.xml:16:9-43
30        android:label="@string/app_name"
30-->src\main\AndroidManifest.xml:17:9-41
31        android:roundIcon="@mipmap/ic_launcher_round"
31-->src\main\AndroidManifest.xml:18:9-54
32        android:supportsRtl="true"
32-->src\main\AndroidManifest.xml:19:9-35
33        android:theme="@style/AppTheme" >
33-->src\main\AndroidManifest.xml:20:9-40
34        <activity android:name="com.example.smartservices.Orders" />
34-->src\main\AndroidManifest.xml:21:9-44
34-->src\main\AndroidManifest.xml:21:19-41
35        <activity
35-->src\main\AndroidManifest.xml:22:9-24:48
36            android:name="com.example.smartservices.LostAndFound"
36-->src\main\AndroidManifest.xml:23:13-41
37            android:theme="@style/AppTheme2" />
37-->src\main\AndroidManifest.xml:24:13-45
38        <activity
38-->src\main\AndroidManifest.xml:25:9-27:66
39            android:name="com.example.smartservices.InsideGpa"
39-->src\main\AndroidManifest.xml:26:13-38
40            android:theme="@style/AppTheme.SlidrActivityTheme" />
40-->src\main\AndroidManifest.xml:27:13-63
41        <activity
41-->src\main\AndroidManifest.xml:28:9-30:66
42            android:name="com.example.smartservices.Result"
42-->src\main\AndroidManifest.xml:29:13-35
43            android:theme="@style/AppTheme.SlidrActivityTheme" />
43-->src\main\AndroidManifest.xml:30:13-63
44        <activity
44-->src\main\AndroidManifest.xml:31:9-33:48
45            android:name="com.example.smartservices.DashBoard"
45-->src\main\AndroidManifest.xml:32:13-38
46            android:theme="@style/AppTheme2" />
46-->src\main\AndroidManifest.xml:33:13-45
47        <activity android:name="com.example.smartservices.ImageActivity" />
47-->src\main\AndroidManifest.xml:34:9-51
47-->src\main\AndroidManifest.xml:34:19-48
48        <activity android:name="com.example.smartservices.Cleanliness" />
48-->src\main\AndroidManifest.xml:35:9-49
48-->src\main\AndroidManifest.xml:35:19-46
49        <activity
49-->src\main\AndroidManifest.xml:36:9-38:48
50            android:name="com.example.smartservices.Main3Activity"
50-->src\main\AndroidManifest.xml:37:13-42
51            android:theme="@style/AppTheme4" />
51-->src\main\AndroidManifest.xml:38:13-45
52        <activity
52-->src\main\AndroidManifest.xml:39:9-42:48
53            android:name="com.example.smartservices.EventsActivity2"
53-->src\main\AndroidManifest.xml:40:13-44
54            android:parentActivityName="com.example.smartservices.EventActivity1"
54-->src\main\AndroidManifest.xml:41:13-57
55            android:theme="@style/AppTheme4" />
55-->src\main\AndroidManifest.xml:42:13-45
56        <activity
56-->src\main\AndroidManifest.xml:43:9-45:48
57            android:name="com.example.smartservices.EventActivity1"
57-->src\main\AndroidManifest.xml:44:13-43
58            android:theme="@style/AppTheme4" />
58-->src\main\AndroidManifest.xml:45:13-45
59        <activity android:name="com.example.smartservices.Cart1" />
59-->src\main\AndroidManifest.xml:46:9-43
59-->src\main\AndroidManifest.xml:46:19-40
60        <activity
60-->src\main\AndroidManifest.xml:47:9-49:48
61            android:name="com.example.smartservices.MyOrders"
61-->src\main\AndroidManifest.xml:48:13-37
62            android:theme="@style/AppTheme4" />
62-->src\main\AndroidManifest.xml:49:13-45
63        <activity android:name="com.example.smartservices.ContinueBooking" />
63-->src\main\AndroidManifest.xml:50:9-53
63-->src\main\AndroidManifest.xml:50:19-50
64        <activity android:name="com.example.smartservices.Payment" />
64-->src\main\AndroidManifest.xml:51:9-45
64-->src\main\AndroidManifest.xml:51:19-42
65        <activity
65-->src\main\AndroidManifest.xml:52:9-54:66
66            android:name="com.example.smartservices.Second"
66-->src\main\AndroidManifest.xml:53:13-35
67            android:theme="@style/AppTheme.SlidrActivityTheme" />
67-->src\main\AndroidManifest.xml:54:13-63
68        <activity
68-->src\main\AndroidManifest.xml:55:9-57:48
69            android:name="com.example.smartservices.Main2Activity"
69-->src\main\AndroidManifest.xml:56:13-42
70            android:theme="@style/AppTheme4" />
70-->src\main\AndroidManifest.xml:57:13-45
71        <activity android:name="com.example.smartservices.Empty" />
71-->src\main\AndroidManifest.xml:58:9-43
71-->src\main\AndroidManifest.xml:58:19-40
72        <activity android:name="com.example.smartservices.EmptyOrders" />
72-->src\main\AndroidManifest.xml:59:9-49
72-->src\main\AndroidManifest.xml:59:19-46
73        <activity android:name="com.example.smartservices.CleanImageActivity" />
73-->src\main\AndroidManifest.xml:60:9-56
73-->src\main\AndroidManifest.xml:60:19-53
74        <activity
74-->src\main\AndroidManifest.xml:61:9-64:48
75            android:name="com.example.smartservices.Events_Admin1"
75-->src\main\AndroidManifest.xml:62:13-42
76            android:parentActivityName="com.example.smartservices.Events_Admin"
76-->src\main\AndroidManifest.xml:63:13-55
77            android:theme="@style/AppTheme4" />
77-->src\main\AndroidManifest.xml:64:13-45
78        <activity
78-->src\main\AndroidManifest.xml:65:9-67:48
79            android:name="com.example.smartservices.AdminActivity"
79-->src\main\AndroidManifest.xml:66:13-42
80            android:theme="@style/AppTheme1" />
80-->src\main\AndroidManifest.xml:67:13-45
81        <activity
81-->src\main\AndroidManifest.xml:68:9-70:48
82            android:name="com.example.smartservices.Events_Admin"
82-->src\main\AndroidManifest.xml:69:13-41
83            android:theme="@style/AppTheme1" />
83-->src\main\AndroidManifest.xml:70:13-45
84        <activity
84-->src\main\AndroidManifest.xml:71:9-73:48
85            android:name="com.example.smartservices.MyProfile"
85-->src\main\AndroidManifest.xml:72:13-38
86            android:theme="@style/AppTheme3" />
86-->src\main\AndroidManifest.xml:73:13-45
87        <activity
87-->src\main\AndroidManifest.xml:74:9-76:59
88            android:name="com.example.smartservices.PopUp"
88-->src\main\AndroidManifest.xml:75:13-34
89            android:theme="@style/AppTheme.customtheme" />
89-->src\main\AndroidManifest.xml:76:13-56
90        <activity android:name="com.example.smartservices.Account" />
90-->src\main\AndroidManifest.xml:77:9-45
90-->src\main\AndroidManifest.xml:77:19-42
91        <activity
91-->src\main\AndroidManifest.xml:78:9-80:66
92            android:name="com.example.smartservices.MainActivity"
92-->src\main\AndroidManifest.xml:79:13-41
93            android:theme="@style/AppTheme.SlidrActivityTheme" />
93-->src\main\AndroidManifest.xml:80:13-63
94        <activity android:name="com.example.smartservices.GoogleSignin" >
94-->src\main\AndroidManifest.xml:81:9-87:20
94-->src\main\AndroidManifest.xml:81:19-47
95            <intent-filter>
95-->src\main\AndroidManifest.xml:82:13-86:29
96                <action android:name="android.intent.action.MAIN" />
96-->src\main\AndroidManifest.xml:83:17-69
96-->src\main\AndroidManifest.xml:83:25-66
97
98                <category android:name="android.intent.category.LAUNCHER" />
98-->src\main\AndroidManifest.xml:85:17-77
98-->src\main\AndroidManifest.xml:85:27-74
99            </intent-filter>
100        </activity>
101
102        <meta-data
102-->src\main\AndroidManifest.xml:89:9-91:57
103            android:name="preloaded_fonts"
103-->src\main\AndroidManifest.xml:90:13-43
104            android:resource="@array/preloaded_fonts" />
104-->src\main\AndroidManifest.xml:91:13-54
105
106        <provider
106-->src\main\AndroidManifest.xml:93:9-101:20
107            android:name="androidx.core.content.FileProvider"
107-->src\main\AndroidManifest.xml:94:13-62
108            android:authorities="com.example.smartservices.fileprovider"
108-->src\main\AndroidManifest.xml:95:13-73
109            android:exported="false"
109-->src\main\AndroidManifest.xml:96:13-37
110            android:grantUriPermissions="true" >
110-->src\main\AndroidManifest.xml:97:13-47
111            <meta-data
111-->src\main\AndroidManifest.xml:98:13-100:54
112                android:name="android.support.FILE_PROVIDER_PATHS"
112-->src\main\AndroidManifest.xml:99:17-67
113                android:resource="@xml/file_paths" />
113-->src\main\AndroidManifest.xml:100:17-51
114        </provider>
115        <provider
115-->[com.rhexgomez.typer:typer-roboto:2.0.0] AndroidManifest.xml:28:9-31:40
116            android:name="com.rhexgomez.typer.common.TyperProvider"
116-->[com.rhexgomez.typer:typer-roboto:2.0.0] AndroidManifest.xml:29:13-68
117            android:authorities="com.example.smartservices.com.rhexgomez.typer.roboto"
117-->[com.rhexgomez.typer:typer-roboto:2.0.0] AndroidManifest.xml:30:13-78
118            android:exported="false" />
118-->[com.rhexgomez.typer:typer-roboto:2.0.0] AndroidManifest.xml:31:13-37
119
120        <activity
120-->[com.google.android.gms:play-services-auth:18.0.0] AndroidManifest.xml:23:9-27:75
121            android:name="com.google.android.gms.auth.api.signin.internal.SignInHubActivity"
121-->[com.google.android.gms:play-services-auth:18.0.0] AndroidManifest.xml:24:13-93
122            android:excludeFromRecents="true"
122-->[com.google.android.gms:play-services-auth:18.0.0] AndroidManifest.xml:25:13-46
123            android:exported="false"
123-->[com.google.android.gms:play-services-auth:18.0.0] AndroidManifest.xml:26:13-37
124            android:theme="@android:style/Theme.Translucent.NoTitleBar" />
124-->[com.google.android.gms:play-services-auth:18.0.0] AndroidManifest.xml:27:13-72
125        <!--
126            Service handling Google Sign-In user revocation. For apps that do not integrate with
127            Google Sign-In, this service will never be started.
128        -->
129        <service
129-->[com.google.android.gms:play-services-auth:18.0.0] AndroidManifest.xml:33:9-36:110
130            android:name="com.google.android.gms.auth.api.signin.RevocationBoundService"
130-->[com.google.android.gms:play-services-auth:18.0.0] AndroidManifest.xml:34:13-89
131            android:exported="true"
131-->[com.google.android.gms:play-services-auth:18.0.0] AndroidManifest.xml:35:13-36
132            android:permission="com.google.android.gms.auth.api.signin.permission.REVOCATION_NOTIFICATION" />
132-->[com.google.android.gms:play-services-auth:18.0.0] AndroidManifest.xml:36:13-107
133        <service
133-->[com.google.firebase:firebase-firestore:21.4.3] AndroidManifest.xml:17:9-23:19
134            android:name="com.google.firebase.components.ComponentDiscoveryService"
134-->[com.google.firebase:firebase-firestore:21.4.3] AndroidManifest.xml:18:13-84
135            android:directBootAware="true"
135-->[com.google.firebase:firebase-common:19.3.0] AndroidManifest.xml:34:13-43
136            android:exported="false" >
136-->[com.google.firebase:firebase-firestore:21.4.3] AndroidManifest.xml:19:13-37
137            <meta-data
137-->[com.google.firebase:firebase-firestore:21.4.3] AndroidManifest.xml:20:13-22:85
138                android:name="com.google.firebase.components:com.google.firebase.firestore.FirestoreRegistrar"
138-->[com.google.firebase:firebase-firestore:21.4.3] AndroidManifest.xml:21:17-111
139                android:value="com.google.firebase.components.ComponentRegistrar" />
139-->[com.google.firebase:firebase-firestore:21.4.3] AndroidManifest.xml:22:17-82
140            <meta-data
140-->[com.google.firebase:firebase-storage:19.1.1] AndroidManifest.xml:33:13-35:85
141                android:name="com.google.firebase.components:com.google.firebase.storage.StorageRegistrar"
141-->[com.google.firebase:firebase-storage:19.1.1] AndroidManifest.xml:34:17-107
142                android:value="com.google.firebase.components.ComponentRegistrar" />
142-->[com.google.firebase:firebase-storage:19.1.1] AndroidManifest.xml:35:17-82
143            <meta-data
143-->[com.google.firebase:firebase-auth:19.3.1] AndroidManifest.xml:36:13-38:85
144                android:name="com.google.firebase.components:com.google.firebase.auth.FirebaseAuthRegistrar"
144-->[com.google.firebase:firebase-auth:19.3.1] AndroidManifest.xml:37:17-109
145                android:value="com.google.firebase.components.ComponentRegistrar" />
145-->[com.google.firebase:firebase-auth:19.3.1] AndroidManifest.xml:38:17-82
146        </service>
147
148        <provider
148-->[com.squareup.picasso:picasso:2.71828] AndroidManifest.xml:8:9-11:40
149            android:name="com.squareup.picasso.PicassoProvider"
149-->[com.squareup.picasso:picasso:2.71828] AndroidManifest.xml:9:13-64
150            android:authorities="com.example.smartservices.com.squareup.picasso"
150-->[com.squareup.picasso:picasso:2.71828] AndroidManifest.xml:10:13-72
151            android:exported="false" />
151-->[com.squareup.picasso:picasso:2.71828] AndroidManifest.xml:11:13-37
152
153        <activity
153-->[com.google.firebase:firebase-auth:19.3.1] AndroidManifest.xml:24:9-31:50
154            android:name="com.google.firebase.auth.internal.FederatedSignInActivity"
154-->[com.google.firebase:firebase-auth:19.3.1] AndroidManifest.xml:25:13-85
155            android:excludeFromRecents="true"
155-->[com.google.firebase:firebase-auth:19.3.1] AndroidManifest.xml:26:13-46
156            android:exported="true"
156-->[com.google.firebase:firebase-auth:19.3.1] AndroidManifest.xml:27:13-36
157            android:launchMode="singleTask"
157-->[com.google.firebase:firebase-auth:19.3.1] AndroidManifest.xml:28:13-44
158            android:permission="com.google.firebase.auth.api.gms.permission.LAUNCH_FEDERATED_SIGN_IN"
158-->[com.google.firebase:firebase-auth:19.3.1] AndroidManifest.xml:29:13-102
159            android:theme="@android:style/Theme.Translucent.NoTitleBar" />
159-->[com.google.firebase:firebase-auth:19.3.1] AndroidManifest.xml:30:13-72
160        <activity
160-->[com.google.android.gms:play-services-base:17.1.0] AndroidManifest.xml:23:9-26:75
161            android:name="com.google.android.gms.common.api.GoogleApiActivity"
161-->[com.google.android.gms:play-services-base:17.1.0] AndroidManifest.xml:24:13-79
162            android:exported="false"
162-->[com.google.android.gms:play-services-base:17.1.0] AndroidManifest.xml:25:13-37
163            android:theme="@android:style/Theme.Translucent.NoTitleBar" />
163-->[com.google.android.gms:play-services-base:17.1.0] AndroidManifest.xml:26:13-72
164
165        <provider
165-->[com.google.firebase:firebase-common:19.3.0] AndroidManifest.xml:26:9-30:39
166            android:name="com.google.firebase.provider.FirebaseInitProvider"
166-->[com.google.firebase:firebase-common:19.3.0] AndroidManifest.xml:27:13-77
167            android:authorities="com.example.smartservices.firebaseinitprovider"
167-->[com.google.firebase:firebase-common:19.3.0] AndroidManifest.xml:28:13-72
168            android:exported="false"
168-->[com.google.firebase:firebase-common:19.3.0] AndroidManifest.xml:29:13-37
169            android:initOrder="100" />
169-->[com.google.firebase:firebase-common:19.3.0] AndroidManifest.xml:30:13-36
170
171        <meta-data
171-->[com.google.android.gms:play-services-basement:17.1.1] AndroidManifest.xml:23:9-25:69
172            android:name="com.google.android.gms.version"
172-->[com.google.android.gms:play-services-basement:17.1.1] AndroidManifest.xml:24:13-58
173            android:value="@integer/google_play_services_version" />
173-->[com.google.android.gms:play-services-basement:17.1.1] AndroidManifest.xml:25:13-66
174    </application>
175
176</manifest>